[26-Apr-2020 21:49:19 UTC] PHP Fatal error:  Uncaught Error: Call to undefined function urlrncode() in /home/hinata-antenna/www/hinata_antenna/view/index.php:31
Stack trace:
#0 {main}
  thrown in /home/hinata-antenna/www/hinata_antenna/view/index.php on line 31
[20-May-2020 23:58:59 UTC] PHP Fatal error:  Uncaught Error: Call to a member function rowCount() on int in /home/hinata-antenna/www/hinata_antenna/view/function.php:52
Stack trace:
#0 /home/hinata-antenna/www/hinata_antenna/view/index.php(13): viewContentList(0)
#1 {main}
  thrown in /home/hinata-antenna/www/hinata_antenna/view/function.php on line 52
[20-May-2020 23:59:45 UTC] PHP Fatal error:  Uncaught Error: Call to a member function rowCount() on int in /home/hinata-antenna/www/hinata_antenna/view/function.php:52
Stack trace:
#0 /home/hinata-antenna/www/hinata_antenna/view/index.php(13): viewContentList(0)
#1 {main}
  thrown in /home/hinata-antenna/www/hinata_antenna/view/function.php on line 52
[21-May-2020 12:00:41 UTC] PHP Fatal error:  Uncaught Error: Call to a member function rowCount() on int in /home/hinata-antenna/www/hinata_antenna/view/function.php:52
Stack trace:
#0 /home/hinata-antenna/www/hinata_antenna/view/index.php(13): viewContentList(0)
#1 {main}
  thrown in /home/hinata-antenna/www/hinata_antenna/view/function.php on line 52
[21-May-2020 12:02:12 UTC] PHP Fatal error:  Uncaught Error: Call to a member function rowCount() on int in /home/hinata-antenna/www/hinata_antenna/view/function.php:52
Stack trace:
#0 /home/hinata-antenna/www/hinata_antenna/view/index.php(13): viewContentList(0)
#1 {main}
  thrown in /home/hinata-antenna/www/hinata_antenna/view/function.php on line 52
[21-May-2020 12:24:06 UTC] PHP Warning:  include_once(sidemenu.js): failed to open stream: No such file or directory in /home/hinata-antenna/www/hinata_antenna/view/footer.html on line 2
[21-May-2020 12:24:06 UTC] PHP Warning:  include_once(): Failed opening 'sidemenu.js' for inclusion (include_path='.:/usr/local/php/7.4/lib/php') in /home/hinata-antenna/www/hinata_antenna/view/footer.html on line 2
[21-May-2020 12:24:51 UTC] PHP Warning:  include_once(side_menu.js): failed to open stream: No such file or directory in /home/hinata-antenna/www/hinata_antenna/view/footer.html on line 2
[21-May-2020 12:24:51 UTC] PHP Warning:  include_once(): Failed opening 'side_menu.js' for inclusion (include_path='.:/usr/local/php/7.4/lib/php') in /home/hinata-antenna/www/hinata_antenna/view/footer.html on line 2
[21-May-2020 12:25:54 UTC] PHP Warning:  include_once(side_menu.js): failed to open stream: No such file or directory in /home/hinata-antenna/www/hinata_antenna/view/footer.html on line 2
[21-May-2020 12:25:54 UTC] PHP Warning:  include_once(): Failed opening 'side_menu.js' for inclusion (include_path='.:/usr/local/php/7.4/lib/php') in /home/hinata-antenna/www/hinata_antenna/view/footer.html on line 2
[21-May-2020 12:26:22 UTC] PHP Warning:  include_once(side_menu.js): failed to open stream: No such file or directory in /home/hinata-antenna/www/hinata_antenna/view/footer.html on line 2
[21-May-2020 12:26:22 UTC] PHP Warning:  include_once(): Failed opening 'side_menu.js' for inclusion (include_path='.:/usr/local/php/7.4/lib/php') in /home/hinata-antenna/www/hinata_antenna/view/footer.html on line 2
[21-May-2020 12:35:39 UTC] PHP Fatal error:  Uncaught Error: Call to a member function rowCount() on int in /home/hinata-antenna/www/hinata_antenna/view/function.php:52
Stack trace:
#0 /home/hinata-antenna/www/hinata_antenna/view/index.php(13): viewContentList(0)
#1 {main}
  thrown in /home/hinata-antenna/www/hinata_antenna/view/function.php on line 52
[21-May-2020 12:37:25 UTC] PHP Fatal error:  Uncaught Error: Call to a member function rowCount() on int in /home/hinata-antenna/www/hinata_antenna/view/function.php:52
Stack trace:
#0 /home/hinata-antenna/www/hinata_antenna/view/index.php(13): viewContentList(0)
#1 {main}
  thrown in /home/hinata-antenna/www/hinata_antenna/view/function.php on line 52
[21-May-2020 12:39:21 UTC] PHP Fatal error:  Uncaught Error: Call to a member function rowCount() on int in /home/hinata-antenna/www/hinata_antenna/view/function.php:52
Stack trace:
#0 /home/hinata-antenna/www/hinata_antenna/view/index.php(13): viewContentList(0)
#1 {main}
  thrown in /home/hinata-antenna/www/hinata_antenna/view/function.php on line 52
[21-May-2020 12:41:04 UTC] PHP Fatal error:  Uncaught Error: Call to a member function rowCount() on int in /home/hinata-antenna/www/hinata_antenna/view/function.php:52
Stack trace:
#0 /home/hinata-antenna/www/hinata_antenna/view/index.php(13): viewContentList(0)
#1 {main}
  thrown in /home/hinata-antenna/www/hinata_antenna/view/function.php on line 52
[21-May-2020 12:41:22 UTC] PHP Fatal error:  Uncaught Error: Call to a member function rowCount() on int in /home/hinata-antenna/www/hinata_antenna/view/function.php:52
Stack trace:
#0 /home/hinata-antenna/www/hinata_antenna/view/index.php(13): viewContentList(0)
#1 {main}
  thrown in /home/hinata-antenna/www/hinata_antenna/view/function.php on line 52
[21-May-2020 12:41:34 UTC] PHP Fatal error:  Uncaught Error: Call to a member function rowCount() on int in /home/hinata-antenna/www/hinata_antenna/view/function.php:52
Stack trace:
#0 /home/hinata-antenna/www/hinata_antenna/view/index.php(13): viewContentList(0)
#1 {main}
  thrown in /home/hinata-antenna/www/hinata_antenna/view/function.php on line 52
[21-May-2020 12:42:15 UTC] PHP Fatal error:  Uncaught Error: Call to a member function rowCount() on int in /home/hinata-antenna/www/hinata_antenna/view/function.php:52
Stack trace:
#0 /home/hinata-antenna/www/hinata_antenna/view/index.php(13): viewContentList(0)
#1 {main}
  thrown in /home/hinata-antenna/www/hinata_antenna/view/function.php on line 52
[21-May-2020 12:42:32 UTC] PHP Fatal error:  Uncaught Error: Call to a member function rowCount() on int in /home/hinata-antenna/www/hinata_antenna/view/function.php:52
Stack trace:
#0 /home/hinata-antenna/www/hinata_antenna/view/index.php(13): viewContentList(0)
#1 {main}
  thrown in /home/hinata-antenna/www/hinata_antenna/view/function.php on line 52
[21-May-2020 12:42:59 UTC] PHP Fatal error:  Uncaught Error: Call to a member function rowCount() on int in /home/hinata-antenna/www/hinata_antenna/view/function.php:52
Stack trace:
#0 /home/hinata-antenna/www/hinata_antenna/view/index.php(13): viewContentList(0)
#1 {main}
  thrown in /home/hinata-antenna/www/hinata_antenna/view/function.php on line 52
[21-May-2020 12:43:13 UTC] PHP Fatal error:  Uncaught Error: Call to a member function rowCount() on int in /home/hinata-antenna/www/hinata_antenna/view/function.php:52
Stack trace:
#0 /home/hinata-antenna/www/hinata_antenna/view/index.php(13): viewContentList(0)
#1 {main}
  thrown in /home/hinata-antenna/www/hinata_antenna/view/function.php on line 52
[21-May-2020 12:43:54 UTC] PHP Fatal error:  Uncaught Error: Call to a member function rowCount() on int in /home/hinata-antenna/www/hinata_antenna/view/function.php:52
Stack trace:
#0 /home/hinata-antenna/www/hinata_antenna/view/index.php(13): viewContentList(0)
#1 {main}
  thrown in /home/hinata-antenna/www/hinata_antenna/view/function.php on line 52
[21-May-2020 12:50:37 UTC] PHP Fatal error:  Uncaught Error: Call to a member function rowCount() on int in /home/hinata-antenna/www/hinata_antenna/view/function.php:52
Stack trace:
#0 /home/hinata-antenna/www/hinata_antenna/view/index.php(13): viewContentList(0)
#1 {main}
  thrown in /home/hinata-antenna/www/hinata_antenna/view/function.php on line 52
[21-May-2020 12:51:08 UTC] PHP Fatal error:  Uncaught Error: Call to a member function rowCount() on int in /home/hinata-antenna/www/hinata_antenna/view/function.php:52
Stack trace:
#0 /home/hinata-antenna/www/hinata_antenna/view/index.php(13): viewContentList(0)
#1 {main}
  thrown in /home/hinata-antenna/www/hinata_antenna/view/function.php on line 52
[21-May-2020 12:51:10 UTC] PHP Fatal error:  Uncaught Error: Call to a member function rowCount() on int in /home/hinata-antenna/www/hinata_antenna/view/function.php:52
Stack trace:
#0 /home/hinata-antenna/www/hinata_antenna/view/index.php(13): viewContentList(0)
#1 {main}
  thrown in /home/hinata-antenna/www/hinata_antenna/view/function.php on line 52
[21-May-2020 12:51:12 UTC] PHP Fatal error:  Uncaught Error: Call to a member function rowCount() on int in /home/hinata-antenna/www/hinata_antenna/view/function.php:52
Stack trace:
#0 /home/hinata-antenna/www/hinata_antenna/view/index.php(13): viewContentList(0)
#1 {main}
  thrown in /home/hinata-antenna/www/hinata_antenna/view/function.php on line 52
[21-May-2020 12:51:16 UTC] PHP Fatal error:  Uncaught Error: Call to a member function rowCount() on int in /home/hinata-antenna/www/hinata_antenna/view/function.php:52
Stack trace:
#0 /home/hinata-antenna/www/hinata_antenna/view/index.php(13): viewContentList(0)
#1 {main}
  thrown in /home/hinata-antenna/www/hinata_antenna/view/function.php on line 52
[21-May-2020 12:51:18 UTC] PHP Fatal error:  Uncaught Error: Call to a member function rowCount() on int in /home/hinata-antenna/www/hinata_antenna/view/function.php:52
Stack trace:
#0 /home/hinata-antenna/www/hinata_antenna/view/index.php(13): viewContentList(0)
#1 {main}
  thrown in /home/hinata-antenna/www/hinata_antenna/view/function.php on line 52
[21-May-2020 12:55:15 UTC] PHP Fatal error:  Uncaught Error: Call to a member function rowCount() on int in /home/hinata-antenna/www/hinata_antenna/view/function.php:52
Stack trace:
#0 /home/hinata-antenna/www/hinata_antenna/view/index.php(13): viewContentList(0)
#1 {main}
  thrown in /home/hinata-antenna/www/hinata_antenna/view/function.php on line 52
[21-May-2020 12:56:12 UTC] PHP Fatal error:  Uncaught Error: Call to a member function rowCount() on int in /home/hinata-antenna/www/hinata_antenna/view/function.php:52
Stack trace:
#0 /home/hinata-antenna/www/hinata_antenna/view/index.php(13): viewContentList(0)
#1 {main}
  thrown in /home/hinata-antenna/www/hinata_antenna/view/function.php on line 52
[21-May-2020 12:56:43 UTC] PHP Fatal error:  Uncaught Error: Call to a member function rowCount() on int in /home/hinata-antenna/www/hinata_antenna/view/function.php:52
Stack trace:
#0 /home/hinata-antenna/www/hinata_antenna/view/index.php(13): viewContentList(0)
#1 {main}
  thrown in /home/hinata-antenna/www/hinata_antenna/view/function.php on line 52
[21-May-2020 13:24:07 UTC] PHP Fatal error:  Uncaught Error: Call to a member function rowCount() on int in /home/hinata-antenna/www/hinata_antenna/view/function.php:52
Stack trace:
#0 /home/hinata-antenna/www/hinata_antenna/view/index.php(13): viewContentList(0)
#1 {main}
  thrown in /home/hinata-antenna/www/hinata_antenna/view/function.php on line 52
[21-May-2020 20:19:54 UTC] PHP Fatal error:  Uncaught Error: Call to a member function rowCount() on int in /home/hinata-antenna/www/hinata_antenna/view/function.php:52
Stack trace:
#0 /home/hinata-antenna/www/hinata_antenna/view/index.php(13): viewContentList(0)
#1 {main}
  thrown in /home/hinata-antenna/www/hinata_antenna/view/function.php on line 52
[21-May-2020 21:14:41 UTC] PHP Warning:  A non-numeric value encountered in /home/hinata-antenna/www/hinata_antenna/view/function.php on line 44
[21-May-2020 21:14:41 UTC] PHP Warning:  A non-numeric value encountered in /home/hinata-antenna/www/hinata_antenna/view/function.php on line 44
[21-May-2020 21:14:41 UTC] PHP Fatal error:  Uncaught DivisionByZeroError: Modulo by zero in /home/hinata-antenna/www/hinata_antenna/view/function.php:44
Stack trace:
#0 /home/hinata-antenna/www/hinata_antenna/view/index.php(13): viewContentList(0)
#1 {main}
  thrown in /home/hinata-antenna/www/hinata_antenna/view/function.php on line 44
[21-May-2020 21:16:38 UTC] PHP Fatal error:  Uncaught Error: Call to a member function rowCount() on int in /home/hinata-antenna/www/hinata_antenna/view/function.php:52
Stack trace:
#0 /home/hinata-antenna/www/hinata_antenna/view/index.php(13): viewContentList(0)
#1 {main}
  thrown in /home/hinata-antenna/www/hinata_antenna/view/function.php on line 52
[21-May-2020 21:17:09 UTC] PHP Warning:  A non-numeric value encountered in /home/hinata-antenna/www/hinata_antenna/view/function.php on line 44
[21-May-2020 21:17:09 UTC] PHP Warning:  A non-numeric value encountered in /home/hinata-antenna/www/hinata_antenna/view/function.php on line 44
[21-May-2020 21:17:09 UTC] PHP Fatal error:  Uncaught DivisionByZeroError: Modulo by zero in /home/hinata-antenna/www/hinata_antenna/view/function.php:44
Stack trace:
#0 /home/hinata-antenna/www/hinata_antenna/view/index.php(13): viewContentList(0)
#1 {main}
  thrown in /home/hinata-antenna/www/hinata_antenna/view/function.php on line 44
[21-May-2020 21:17:25 UTC] PHP Warning:  A non-numeric value encountered in /home/hinata-antenna/www/hinata_antenna/view/function.php on line 44
[21-May-2020 21:17:25 UTC] PHP Warning:  A non-numeric value encountered in /home/hinata-antenna/www/hinata_antenna/view/function.php on line 44
[21-May-2020 21:17:25 UTC] PHP Fatal error:  Uncaught DivisionByZeroError: Modulo by zero in /home/hinata-antenna/www/hinata_antenna/view/function.php:44
Stack trace:
#0 /home/hinata-antenna/www/hinata_antenna/view/index.php(13): viewContentList(0)
#1 {main}
  thrown in /home/hinata-antenna/www/hinata_antenna/view/function.php on line 44
[21-May-2020 21:18:39 UTC] PHP Fatal error:  Uncaught Error: Call to a member function rowCount() on int in /home/hinata-antenna/www/hinata_antenna/view/function.php:52
Stack trace:
#0 /home/hinata-antenna/www/hinata_antenna/view/index.php(13): viewContentList(0)
#1 {main}
  thrown in /home/hinata-antenna/www/hinata_antenna/view/function.php on line 52
[21-May-2020 21:19:02 UTC] PHP Fatal error:  Uncaught Error: Call to a member function rowCount() on int in /home/hinata-antenna/www/hinata_antenna/view/function.php:52
Stack trace:
#0 /home/hinata-antenna/www/hinata_antenna/view/index.php(13): viewContentList(0)
#1 {main}
  thrown in /home/hinata-antenna/www/hinata_antenna/view/function.php on line 52
[21-May-2020 21:19:30 UTC] PHP Fatal error:  Uncaught Error: Call to a member function rowCount() on int in /home/hinata-antenna/www/hinata_antenna/view/function.php:52
Stack trace:
#0 /home/hinata-antenna/www/hinata_antenna/view/index.php(13): viewContentList(0)
#1 {main}
  thrown in /home/hinata-antenna/www/hinata_antenna/view/function.php on line 52
[21-May-2020 21:19:40 UTC] PHP Fatal error:  Uncaught Error: Call to a member function rowCount() on int in /home/hinata-antenna/www/hinata_antenna/view/function.php:52
Stack trace:
#0 /home/hinata-antenna/www/hinata_antenna/view/index.php(13): viewContentList(0)
#1 {main}
  thrown in /home/hinata-antenna/www/hinata_antenna/view/function.php on line 52
[21-May-2020 21:23:57 UTC] PHP Fatal error:  Uncaught Error: Call to a member function rowCount() on int in /home/hinata-antenna/www/hinata_antenna/view/function.php:52
Stack trace:
#0 /home/hinata-antenna/www/hinata_antenna/view/index.php(13): viewContentList(0)
#1 {main}
  thrown in /home/hinata-antenna/www/hinata_antenna/view/function.php on line 52
[21-May-2020 21:24:07 UTC] PHP Fatal error:  Uncaught Error: Call to a member function rowCount() on int in /home/hinata-antenna/www/hinata_antenna/view/function.php:52
Stack trace:
#0 /home/hinata-antenna/www/hinata_antenna/view/index.php(13): viewContentList(0)
#1 {main}
  thrown in /home/hinata-antenna/www/hinata_antenna/view/function.php on line 52
[21-May-2020 21:25:44 UTC] PHP Fatal error:  Uncaught Error: Call to a member function rowCount() on int in /home/hinata-antenna/www/hinata_antenna/view/function.php:52
Stack trace:
#0 /home/hinata-antenna/www/hinata_antenna/view/index.php(13): viewContentList(0)
#1 {main}
  thrown in /home/hinata-antenna/www/hinata_antenna/view/function.php on line 52
[21-May-2020 21:26:09 UTC] PHP Warning:  A non-numeric value encountered in /home/hinata-antenna/www/hinata_antenna/view/function.php on line 44
[21-May-2020 21:26:09 UTC] PHP Fatal error:  Uncaught DivisionByZeroError: Modulo by zero in /home/hinata-antenna/www/hinata_antenna/view/function.php:44
Stack trace:
#0 /home/hinata-antenna/www/hinata_antenna/view/index.php(13): viewContentList(0)
#1 {main}
  thrown in /home/hinata-antenna/www/hinata_antenna/view/function.php on line 44
[21-May-2020 21:27:06 UTC] PHP Fatal error:  Uncaught Error: Call to a member function rowCount() on int in /home/hinata-antenna/www/hinata_antenna/view/function.php:52
Stack trace:
#0 /home/hinata-antenna/www/hinata_antenna/view/index.php(13): viewContentList(0)
#1 {main}
  thrown in /home/hinata-antenna/www/hinata_antenna/view/function.php on line 52
[21-May-2020 21:27:52 UTC] PHP Fatal error:  Uncaught Error: Call to a member function rowCount() on int in /home/hinata-antenna/www/hinata_antenna/view/function.php:52
Stack trace:
#0 /home/hinata-antenna/www/hinata_antenna/view/index.php(13): viewContentList(0)
#1 {main}
  thrown in /home/hinata-antenna/www/hinata_antenna/view/function.php on line 52
[21-May-2020 21:37:57 UTC] PHP Fatal error:  Uncaught Error: Call to a member function rowCount() on int in /home/hinata-antenna/www/hinata_antenna/view/function.php:52
Stack trace:
#0 /home/hinata-antenna/www/hinata_antenna/view/index.php(13): viewContentList(0)
#1 {main}
  thrown in /home/hinata-antenna/www/hinata_antenna/view/function.php on line 52
[21-May-2020 21:38:29 UTC] PHP Fatal error:  Uncaught Error: Call to a member function rowCount() on int in /home/hinata-antenna/www/hinata_antenna/view/function.php:52
Stack trace:
#0 /home/hinata-antenna/www/hinata_antenna/view/index.php(13): viewContentList(0)
#1 {main}
  thrown in /home/hinata-antenna/www/hinata_antenna/view/function.php on line 52
[21-May-2020 21:38:45 UTC] PHP Fatal error:  Uncaught Error: Call to a member function rowCount() on int in /home/hinata-antenna/www/hinata_antenna/view/function.php:52
Stack trace:
#0 /home/hinata-antenna/www/hinata_antenna/view/index.php(13): viewContentList(0)
#1 {main}
  thrown in /home/hinata-antenna/www/hinata_antenna/view/function.php on line 52
[21-May-2020 21:40:29 UTC] PHP Fatal error:  Uncaught Error: Call to a member function rowCount() on int in /home/hinata-antenna/www/hinata_antenna/view/function.php:55
Stack trace:
#0 /home/hinata-antenna/www/hinata_antenna/view/index.php(13): viewContentList(0)
#1 {main}
  thrown in /home/hinata-antenna/www/hinata_antenna/view/function.php on line 55
[21-May-2020 21:40:34 UTC] PHP Fatal error:  Uncaught Error: Call to a member function rowCount() on int in /home/hinata-antenna/www/hinata_antenna/view/function.php:55
Stack trace:
#0 /home/hinata-antenna/www/hinata_antenna/view/index.php(13): viewContentList(0)
#1 {main}
  thrown in /home/hinata-antenna/www/hinata_antenna/view/function.php on line 55
[21-May-2020 21:40:52 UTC] PHP Warning:  Invalid argument supplied for foreach() in /home/hinata-antenna/www/hinata_antenna/view/index.php on line 31
[21-May-2020 21:41:28 UTC] PHP Fatal error:  Uncaught Error: Call to a member function rowCount() on int in /home/hinata-antenna/www/hinata_antenna/view/function.php:52
Stack trace:
#0 /home/hinata-antenna/www/hinata_antenna/view/index.php(13): viewContentList(0)
#1 {main}
  thrown in /home/hinata-antenna/www/hinata_antenna/view/function.php on line 52
[21-May-2020 21:42:57 UTC] PHP Fatal error:  Uncaught Error: Call to a member function rowCount() on int in /home/hinata-antenna/www/hinata_antenna/view/function.php:52
Stack trace:
#0 /home/hinata-antenna/www/hinata_antenna/view/index.php(13): viewContentList(0)
#1 {main}
  thrown in /home/hinata-antenna/www/hinata_antenna/view/function.php on line 52
[22-May-2020 02:13:08 UTC] PHP Fatal error:  Uncaught Error: Call to a member function rowCount() on int in /home/hinata-antenna/www/hinata_antenna/view/function.php:74
Stack trace:
#0 /home/hinata-antenna/www/hinata_antenna/view/index.php(13): viewContentList(0)
#1 {main}
  thrown in /home/hinata-antenna/www/hinata_antenna/view/function.php on line 74
[22-May-2020 09:17:36 UTC] PHP Fatal error:  Uncaught Error: Call to a member function rowCount() on int in /home/hinata-antenna/www/hinata_antenna/view/function.php:74
Stack trace:
#0 /home/hinata-antenna/www/hinata_antenna/view/index.php(13): viewContentList(0)
#1 {main}
  thrown in /home/hinata-antenna/www/hinata_antenna/view/function.php on line 74
[22-May-2020 16:46:22 UTC] PHP Fatal error:  Uncaught Error: Call to a member function rowCount() on int in /home/hinata-antenna/www/hinata_antenna/view/function.php:74
Stack trace:
#0 /home/hinata-antenna/www/hinata_antenna/view/index.php(13): viewContentList(0)
#1 {main}
  thrown in /home/hinata-antenna/www/hinata_antenna/view/function.php on line 74
[22-May-2020 23:27:02 UTC] PHP Fatal error:  Uncaught Error: Call to a member function rowCount() on int in /home/hinata-antenna/www/hinata_antenna/view/function.php:74
Stack trace:
#0 /home/hinata-antenna/www/hinata_antenna/view/index.php(13): viewContentList(0)
#1 {main}
  thrown in /home/hinata-antenna/www/hinata_antenna/view/function.php on line 74
[23-May-2020 00:55:19 UTC] PHP Fatal error:  Uncaught Error: Call to a member function rowCount() on int in /home/hinata-antenna/www/hinata_antenna/view/function.php:74
Stack trace:
#0 /home/hinata-antenna/www/hinata_antenna/view/index.php(13): viewContentList(0)
#1 {main}
  thrown in /home/hinata-antenna/www/hinata_antenna/view/function.php on line 74
[23-May-2020 13:39:06 UTC] PHP Fatal error:  Uncaught Error: Call to a member function rowCount() on int in /home/hinata-antenna/www/hinata_antenna/view/function.php:74
Stack trace:
#0 /home/hinata-antenna/www/hinata_antenna/view/index.php(13): viewContentList(0)
#1 {main}
  thrown in /home/hinata-antenna/www/hinata_antenna/view/function.php on line 74
[23-May-2020 22:02:26 UTC] PHP Fatal error:  Uncaught Error: Call to a member function rowCount() on int in /home/hinata-antenna/www/hinata_antenna/view/function.php:74
Stack trace:
#0 /home/hinata-antenna/www/hinata_antenna/view/index.php(13): viewContentList(0)
#1 {main}
  thrown in /home/hinata-antenna/www/hinata_antenna/view/function.php on line 74
[24-May-2020 05:54:44 UTC] PHP Fatal error:  Uncaught Error: Call to a member function rowCount() on int in /home/hinata-antenna/www/hinata_antenna/view/function.php:74
Stack trace:
#0 /home/hinata-antenna/www/hinata_antenna/view/index.php(13): viewContentList(0)
#1 {main}
  thrown in /home/hinata-antenna/www/hinata_antenna/view/function.php on line 74
[24-May-2020 15:05:18 UTC] PHP Fatal error:  Uncaught Error: Call to a member function rowCount() on int in /home/hinata-antenna/www/hinata_antenna/view/function.php:74
Stack trace:
#0 /home/hinata-antenna/www/hinata_antenna/view/index.php(13): viewContentList(0)
#1 {main}
  thrown in /home/hinata-antenna/www/hinata_antenna/view/function.php on line 74
[24-May-2020 23:33:17 UTC] PHP Fatal error:  Uncaught Error: Call to a member function rowCount() on int in /home/hinata-antenna/www/hinata_antenna/view/function.php:74
Stack trace:
#0 /home/hinata-antenna/www/hinata_antenna/view/index.php(13): viewContentList(0)
#1 {main}
  thrown in /home/hinata-antenna/www/hinata_antenna/view/function.php on line 74
[25-May-2020 08:44:30 UTC] PHP Fatal error:  Uncaught Error: Call to a member function rowCount() on int in /home/hinata-antenna/www/hinata_antenna/view/function.php:74
Stack trace:
#0 /home/hinata-antenna/www/hinata_antenna/view/index.php(13): viewContentList(0)
#1 {main}
  thrown in /home/hinata-antenna/www/hinata_antenna/view/function.php on line 74
[25-May-2020 18:40:15 UTC] PHP Fatal error:  Uncaught Error: Call to a member function rowCount() on int in /home/hinata-antenna/www/hinata_antenna/view/function.php:74
Stack trace:
#0 /home/hinata-antenna/www/hinata_antenna/view/index.php(13): viewContentList(0)
#1 {main}
  thrown in /home/hinata-antenna/www/hinata_antenna/view/function.php on line 74
[26-May-2020 03:19:36 UTC] PHP Fatal error:  Uncaught Error: Call to a member function rowCount() on int in /home/hinata-antenna/www/hinata_antenna/view/function.php:74
Stack trace:
#0 /home/hinata-antenna/www/hinata_antenna/view/index.php(13): viewContentList(0)
#1 {main}
  thrown in /home/hinata-antenna/www/hinata_antenna/view/function.php on line 74
[26-May-2020 13:53:48 UTC] PHP Fatal error:  Uncaught Error: Call to a member function rowCount() on int in /home/hinata-antenna/www/hinata_antenna/view/function.php:74
Stack trace:
#0 /home/hinata-antenna/www/hinata_antenna/view/index.php(13): viewContentList(0)
#1 {main}
  thrown in /home/hinata-antenna/www/hinata_antenna/view/function.php on line 74
[26-May-2020 23:54:35 UTC] PHP Fatal error:  Uncaught Error: Call to a member function rowCount() on int in /home/hinata-antenna/www/hinata_antenna/view/function.php:74
Stack trace:
#0 /home/hinata-antenna/www/hinata_antenna/view/index.php(13): viewContentList(0)
#1 {main}
  thrown in /home/hinata-antenna/www/hinata_antenna/view/function.php on line 74
[27-May-2020 10:19:09 UTC] PHP Fatal error:  Uncaught Error: Call to a member function rowCount() on int in /home/hinata-antenna/www/hinata_antenna/view/function.php:74
Stack trace:
#0 /home/hinata-antenna/www/hinata_antenna/view/index.php(13): viewContentList(0)
#1 {main}
  thrown in /home/hinata-antenna/www/hinata_antenna/view/function.php on line 74
[27-May-2020 20:59:56 UTC] PHP Fatal error:  Uncaught Error: Call to a member function rowCount() on int in /home/hinata-antenna/www/hinata_antenna/view/function.php:74
Stack trace:
#0 /home/hinata-antenna/www/hinata_antenna/view/index.php(13): viewContentList(0)
#1 {main}
  thrown in /home/hinata-antenna/www/hinata_antenna/view/function.php on line 74
[28-May-2020 13:24:31 UTC] PHP Fatal error:  Uncaught Error: Call to a member function rowCount() on int in /home/hinata-antenna/www/hinata_antenna/view/function.php:74
Stack trace:
#0 /home/hinata-antenna/www/hinata_antenna/view/index.php(13): viewContentList(0)
#1 {main}
  thrown in /home/hinata-antenna/www/hinata_antenna/view/function.php on line 74
[29-May-2020 10:35:25 UTC] PHP Fatal error:  Uncaught Error: Call to a member function rowCount() on int in /home/hinata-antenna/www/hinata_antenna/view/function.php:74
Stack trace:
#0 /home/hinata-antenna/www/hinata_antenna/view/index.php(13): viewContentList(0)
#1 {main}
  thrown in /home/hinata-antenna/www/hinata_antenna/view/function.php on line 74
[30-May-2020 05:07:28 UTC] PHP Fatal error:  Uncaught Error: Call to a member function rowCount() on int in /home/hinata-antenna/www/hinata_antenna/view/function.php:74
Stack trace:
#0 /home/hinata-antenna/www/hinata_antenna/view/index.php(13): viewContentList(0)
#1 {main}
  thrown in /home/hinata-antenna/www/hinata_antenna/view/function.php on line 74
[30-May-2020 08:17:18 UTC] PHP Fatal error:  Uncaught Error: Call to a member function rowCount() on int in /home/hinata-antenna/www/hinata_antenna/view/function.php:74
Stack trace:
#0 /home/hinata-antenna/www/hinata_antenna/view/index.php(13): viewContentList(0)
#1 {main}
  thrown in /home/hinata-antenna/www/hinata_antenna/view/function.php on line 74
[31-May-2020 06:16:25 UTC] PHP Fatal error:  Uncaught Error: Call to a member function rowCount() on int in /home/hinata-antenna/www/hinata_antenna/view/function.php:74
Stack trace:
#0 /home/hinata-antenna/www/hinata_antenna/view/index.php(13): viewContentList(0)
#1 {main}
  thrown in /home/hinata-antenna/www/hinata_antenna/view/function.php on line 74
[01-Jun-2020 18:24:28 UTC] PHP Fatal error:  Uncaught Error: Call to a member function rowCount() on int in /home/hinata-antenna/www/hinata_antenna/view/function.php:74
Stack trace:
#0 /home/hinata-antenna/www/hinata_antenna/view/index.php(13): viewContentList(0)
#1 {main}
  thrown in /home/hinata-antenna/www/hinata_antenna/view/function.php on line 74
[01-Jun-2020 18:24:30 UTC] PHP Fatal error:  Uncaught Error: Call to a member function rowCount() on int in /home/hinata-antenna/www/hinata_antenna/view/function.php:74
Stack trace:
#0 /home/hinata-antenna/www/hinata_antenna/view/index.php(13): viewContentList(0)
#1 {main}
  thrown in /home/hinata-antenna/www/hinata_antenna/view/function.php on line 74
[01-Jun-2020 18:24:32 UTC] PHP Fatal error:  Uncaught Error: Call to a member function rowCount() on int in /home/hinata-antenna/www/hinata_antenna/view/function.php:74
Stack trace:
#0 /home/hinata-antenna/www/hinata_antenna/view/index.php(13): viewContentList(0)
#1 {main}
  thrown in /home/hinata-antenna/www/hinata_antenna/view/function.php on line 74
[02-Jun-2020 05:13:40 UTC] PHP Fatal error:  Uncaught Error: Call to a member function rowCount() on int in /home/hinata-antenna/www/hinata_antenna/view/function.php:74
Stack trace:
#0 /home/hinata-antenna/www/hinata_antenna/view/index.php(13): viewContentList(0)
#1 {main}
  thrown in /home/hinata-antenna/www/hinata_antenna/view/function.php on line 74
[02-Jun-2020 10:22:56 UTC] PHP Fatal error:  Uncaught Error: Call to a member function rowCount() on int in /home/hinata-antenna/www/hinata_antenna/view/function.php:74
Stack trace:
#0 /home/hinata-antenna/www/hinata_antenna/view/index.php(13): viewContentList(0)
#1 {main}
  thrown in /home/hinata-antenna/www/hinata_antenna/view/function.php on line 74
[02-Jun-2020 10:23:08 UTC] PHP Fatal error:  Uncaught Error: Call to a member function rowCount() on int in /home/hinata-antenna/www/hinata_antenna/view/function.php:74
Stack trace:
#0 /home/hinata-antenna/www/hinata_antenna/view/index.php(13): viewContentList(0)
#1 {main}
  thrown in /home/hinata-antenna/www/hinata_antenna/view/function.php on line 74
[03-Jun-2020 04:57:32 UTC] PHP Fatal error:  Uncaught Error: Call to a member function rowCount() on int in /home/hinata-antenna/www/hinata_antenna/view/function.php:74
Stack trace:
#0 /home/hinata-antenna/www/hinata_antenna/view/index.php(13): viewContentList(0)
#1 {main}
  thrown in /home/hinata-antenna/www/hinata_antenna/view/function.php on line 74
[04-Jun-2020 10:56:29 UTC] PHP Fatal error:  Uncaught Error: Call to a member function rowCount() on int in /home/hinata-antenna/www/hinata_antenna/view/function.php:74
Stack trace:
#0 /home/hinata-antenna/www/hinata_antenna/view/index.php(13): viewContentList(0)
#1 {main}
  thrown in /home/hinata-antenna/www/hinata_antenna/view/function.php on line 74
[05-Jun-2020 16:09:12 UTC] PHP Fatal error:  Uncaught Error: Call to a member function rowCount() on int in /home/hinata-antenna/www/hinata_antenna/view/function.php:74
Stack trace:
#0 /home/hinata-antenna/www/hinata_antenna/view/index.php(13): viewContentList(0)
#1 {main}
  thrown in /home/hinata-antenna/www/hinata_antenna/view/function.php on line 74
[06-Jun-2020 21:24:46 UTC] PHP Fatal error:  Uncaught Error: Call to a member function rowCount() on int in /home/hinata-antenna/www/hinata_antenna/view/function.php:74
Stack trace:
#0 /home/hinata-antenna/www/hinata_antenna/view/index.php(13): viewContentList(0)
#1 {main}
  thrown in /home/hinata-antenna/www/hinata_antenna/view/function.php on line 74
[07-Jun-2020 07:52:12 UTC] PHP Fatal error:  Uncaught Error: Call to a member function rowCount() on int in /home/hinata-antenna/www/hinata_antenna/view/function.php:74
Stack trace:
#0 /home/hinata-antenna/www/hinata_antenna/view/index.php(13): viewContentList(0)
#1 {main}
  thrown in /home/hinata-antenna/www/hinata_antenna/view/function.php on line 74
[11-Jun-2020 03:44:55 UTC] PHP Fatal error:  Uncaught Error: Call to a member function rowCount() on int in /home/hinata-antenna/www/hinata_antenna/view/function.php:74
Stack trace:
#0 /home/hinata-antenna/www/hinata_antenna/view/index.php(13): viewContentList(0)
#1 {main}
  thrown in /home/hinata-antenna/www/hinata_antenna/view/function.php on line 74
[16-Jun-2020 11:32:57 UTC] PHP Fatal error:  Uncaught Error: Call to a member function rowCount() on int in /home/hinata-antenna/www/hinata_antenna/view/function.php:74
Stack trace:
#0 /home/hinata-antenna/www/hinata_antenna/view/index.php(13): viewContentList(0)
#1 {main}
  thrown in /home/hinata-antenna/www/hinata_antenna/view/function.php on line 74
[24-Jun-2020 13:41:56 UTC] PHP Fatal error:  Uncaught Error: Call to a member function rowCount() on int in /home/hinata-antenna/www/hinata_antenna/view/function.php:74
Stack trace:
#0 /home/hinata-antenna/www/hinata_antenna/view/index.php(13): viewContentList(0)
#1 {main}
  thrown in /home/hinata-antenna/www/hinata_antenna/view/function.php on line 74
[26-Jun-2020 03:11:37 UTC] PHP Fatal error:  Uncaught Error: Call to a member function rowCount() on int in /home/hinata-antenna/www/hinata_antenna/view/function.php:74
Stack trace:
#0 /home/hinata-antenna/www/hinata_antenna/view/index.php(13): viewContentList(0)
#1 {main}
  thrown in /home/hinata-antenna/www/hinata_antenna/view/function.php on line 74
[26-Jun-2020 03:11:38 UTC] PHP Fatal error:  Uncaught Error: Call to a member function rowCount() on int in /home/hinata-antenna/www/hinata_antenna/view/function.php:74
Stack trace:
#0 /home/hinata-antenna/www/hinata_antenna/view/index.php(13): viewContentList(0)
#1 {main}
  thrown in /home/hinata-antenna/www/hinata_antenna/view/function.php on line 74
[30-Jun-2020 00:37:30 UTC] PHP Fatal error:  Uncaught Error: Call to a member function rowCount() on int in /home/hinata-antenna/www/hinata_antenna/view/function.php:74
Stack trace:
#0 /home/hinata-antenna/www/hinata_antenna/view/index.php(13): viewContentList(0)
#1 {main}
  thrown in /home/hinata-antenna/www/hinata_antenna/view/function.php on line 74
[30-Jun-2020 19:40:46 UTC] PHP Fatal error:  Uncaught Error: Call to a member function rowCount() on int in /home/hinata-antenna/www/hinata_antenna/view/function.php:74
Stack trace:
#0 /home/hinata-antenna/www/hinata_antenna/view/index.php(13): viewContentList(0)
#1 {main}
  thrown in /home/hinata-antenna/www/hinata_antenna/view/function.php on line 74
[30-Jun-2020 19:40:46 UTC] PHP Fatal error:  Uncaught Error: Call to a member function rowCount() on int in /home/hinata-antenna/www/hinata_antenna/view/function.php:74
Stack trace:
#0 /home/hinata-antenna/www/hinata_antenna/view/index.php(13): viewContentList(0)
#1 {main}
  thrown in /home/hinata-antenna/www/hinata_antenna/view/function.php on line 74
[30-Jun-2020 19:40:51 UTC] PHP Fatal error:  Uncaught Error: Call to a member function rowCount() on int in /home/hinata-antenna/www/hinata_antenna/view/function.php:74
Stack trace:
#0 /home/hinata-antenna/www/hinata_antenna/view/index.php(13): viewContentList(0)
#1 {main}
  thrown in /home/hinata-antenna/www/hinata_antenna/view/function.php on line 74
[04-Jul-2020 06:01:43 UTC] PHP Fatal error:  Uncaught Error: Call to a member function rowCount() on int in /home/hinata-antenna/www/hinata_antenna/view/function.php:74
Stack trace:
#0 /home/hinata-antenna/www/hinata_antenna/view/index.php(13): viewContentList(0)
#1 {main}
  thrown in /home/hinata-antenna/www/hinata_antenna/view/function.php on line 74
[04-Jul-2020 06:07:06 UTC] PHP Fatal error:  Uncaught Error: Call to a member function rowCount() on int in /home/hinata-antenna/www/hinata_antenna/view/function.php:74
Stack trace:
#0 /home/hinata-antenna/www/hinata_antenna/view/index.php(13): viewContentList(0)
#1 {main}
  thrown in /home/hinata-antenna/www/hinata_antenna/view/function.php on line 74
[05-Jul-2020 11:07:12 UTC] PHP Fatal error:  Uncaught Error: Call to a member function rowCount() on int in /home/hinata-antenna/www/hinata_antenna/view/function.php:74
Stack trace:
#0 /home/hinata-antenna/www/hinata_antenna/view/index.php(13): viewContentList(0)
#1 {main}
  thrown in /home/hinata-antenna/www/hinata_antenna/view/function.php on line 74
[09-Jul-2020 17:33:58 UTC] PHP Fatal error:  Uncaught Error: Call to a member function rowCount() on int in /home/hinata-antenna/www/hinata_antenna/view/function.php:74
Stack trace:
#0 /home/hinata-antenna/www/hinata_antenna/view/index.php(13): viewContentList(0)
#1 {main}
  thrown in /home/hinata-antenna/www/hinata_antenna/view/function.php on line 74
[12-Jul-2020 14:07:06 UTC] PHP Fatal error:  Uncaught Error: Call to a member function rowCount() on int in /home/hinata-antenna/www/hinata_antenna/view/function.php:74
Stack trace:
#0 /home/hinata-antenna/www/hinata_antenna/view/index.php(13): viewContentList(0)
#1 {main}
  thrown in /home/hinata-antenna/www/hinata_antenna/view/function.php on line 74
[12-Jul-2020 14:07:07 UTC] PHP Fatal error:  Uncaught Error: Call to a member function rowCount() on int in /home/hinata-antenna/www/hinata_antenna/view/function.php:74
Stack trace:
#0 /home/hinata-antenna/www/hinata_antenna/view/index.php(13): viewContentList(0)
#1 {main}
  thrown in /home/hinata-antenna/www/hinata_antenna/view/function.php on line 74
[12-Jul-2020 14:07:07 UTC] PHP Fatal error:  Uncaught Error: Call to a member function rowCount() on int in /home/hinata-antenna/www/hinata_antenna/view/function.php:74
Stack trace:
#0 /home/hinata-antenna/www/hinata_antenna/view/index.php(13): viewContentList(0)
#1 {main}
  thrown in /home/hinata-antenna/www/hinata_antenna/view/function.php on line 74
[12-Jul-2020 14:07:09 UTC] PHP Fatal error:  Uncaught Error: Call to a member function rowCount() on int in /home/hinata-antenna/www/hinata_antenna/view/function.php:74
Stack trace:
#0 /home/hinata-antenna/www/hinata_antenna/view/index.php(13): viewContentList(0)
#1 {main}
  thrown in /home/hinata-antenna/www/hinata_antenna/view/function.php on line 74
[12-Jul-2020 14:07:09 UTC] PHP Fatal error:  Uncaught Error: Call to a member function rowCount() on int in /home/hinata-antenna/www/hinata_antenna/view/function.php:74
Stack trace:
#0 /home/hinata-antenna/www/hinata_antenna/view/index.php(13): viewContentList(0)
#1 {main}
  thrown in /home/hinata-antenna/www/hinata_antenna/view/function.php on line 74
[12-Jul-2020 14:07:09 UTC] PHP Fatal error:  Uncaught Error: Call to a member function rowCount() on int in /home/hinata-antenna/www/hinata_antenna/view/function.php:74
Stack trace:
#0 /home/hinata-antenna/www/hinata_antenna/view/index.php(13): viewContentList(0)
#1 {main}
  thrown in /home/hinata-antenna/www/hinata_antenna/view/function.php on line 74
[12-Jul-2020 14:07:11 UTC] PHP Fatal error:  Uncaught Error: Call to a member function rowCount() on int in /home/hinata-antenna/www/hinata_antenna/view/function.php:74
Stack trace:
#0 /home/hinata-antenna/www/hinata_antenna/view/index.php(13): viewContentList(0)
#1 {main}
  thrown in /home/hinata-antenna/www/hinata_antenna/view/function.php on line 74
[12-Jul-2020 14:07:11 UTC] PHP Fatal error:  Uncaught Error: Call to a member function rowCount() on int in /home/hinata-antenna/www/hinata_antenna/view/function.php:74
Stack trace:
#0 /home/hinata-antenna/www/hinata_antenna/view/index.php(13): viewContentList(0)
#1 {main}
  thrown in /home/hinata-antenna/www/hinata_antenna/view/function.php on line 74
[12-Jul-2020 14:07:12 UTC] PHP Fatal error:  Uncaught Error: Call to a member function rowCount() on int in /home/hinata-antenna/www/hinata_antenna/view/function.php:74
Stack trace:
#0 /home/hinata-antenna/www/hinata_antenna/view/index.php(13): viewContentList(0)
#1 {main}
  thrown in /home/hinata-antenna/www/hinata_antenna/view/function.php on line 74
[12-Jul-2020 14:07:12 UTC] PHP Fatal error:  Uncaught Error: Call to a member function rowCount() on int in /home/hinata-antenna/www/hinata_antenna/view/function.php:74
Stack trace:
#0 /home/hinata-antenna/www/hinata_antenna/view/index.php(13): viewContentList(0)
#1 {main}
  thrown in /home/hinata-antenna/www/hinata_antenna/view/function.php on line 74
[20-Jul-2020 06:56:06 UTC] PHP Fatal error:  Uncaught Error: Call to a member function rowCount() on int in /home/hinata-antenna/www/hinata_antenna/view/function.php:74
Stack trace:
#0 /home/hinata-antenna/www/hinata_antenna/view/index.php(13): viewContentList(0)
#1 {main}
  thrown in /home/hinata-antenna/www/hinata_antenna/view/function.php on line 74
[21-Jul-2020 14:52:22 UTC] PHP Fatal error:  Uncaught Error: Call to a member function rowCount() on int in /home/hinata-antenna/www/hinata_antenna/view/function.php:74
Stack trace:
#0 /home/hinata-antenna/www/hinata_antenna/view/index.php(13): viewContentList(0)
#1 {main}
  thrown in /home/hinata-antenna/www/hinata_antenna/view/function.php on line 74
[23-Jul-2020 05:07:59 UTC] PHP Fatal error:  Uncaught Error: Call to a member function rowCount() on int in /home/hinata-antenna/www/hinata_antenna/view/function.php:74
Stack trace:
#0 /home/hinata-antenna/www/hinata_antenna/view/index.php(13): viewContentList(0)
#1 {main}
  thrown in /home/hinata-antenna/www/hinata_antenna/view/function.php on line 74
[28-Jul-2020 23:46:11 UTC] PHP Fatal error:  Uncaught Error: Call to a member function rowCount() on int in /home/hinata-antenna/www/hinata_antenna/view/function.php:74
Stack trace:
#0 /home/hinata-antenna/www/hinata_antenna/view/index.php(13): viewContentList(0)
#1 {main}
  thrown in /home/hinata-antenna/www/hinata_antenna/view/function.php on line 74
[30-Jul-2020 20:27:36 UTC] PHP Fatal error:  Uncaught Error: Call to a member function rowCount() on int in /home/hinata-antenna/www/hinata_antenna/view/function.php:74
Stack trace:
#0 /home/hinata-antenna/www/hinata_antenna/view/index.php(13): viewContentList(0)
#1 {main}
  thrown in /home/hinata-antenna/www/hinata_antenna/view/function.php on line 74
[04-Aug-2020 10:25:24 UTC] PHP Fatal error:  Uncaught Error: Call to a member function rowCount() on int in /home/hinata-antenna/www/hinata_antenna/view/function.php:74
Stack trace:
#0 /home/hinata-antenna/www/hinata_antenna/view/index.php(13): viewContentList(0)
#1 {main}
  thrown in /home/hinata-antenna/www/hinata_antenna/view/function.php on line 74
[08-Aug-2020 17:55:07 UTC] PHP Fatal error:  Uncaught Error: Call to a member function rowCount() on int in /home/hinata-antenna/www/hinata_antenna/view/function.php:74
Stack trace:
#0 /home/hinata-antenna/www/hinata_antenna/view/index.php(13): viewContentList(0)
#1 {main}
  thrown in /home/hinata-antenna/www/hinata_antenna/view/function.php on line 74
[10-Aug-2020 11:44:10 UTC] PHP Fatal error:  Uncaught Error: Call to a member function rowCount() on int in /home/hinata-antenna/www/hinata_antenna/view/function.php:74
Stack trace:
#0 /home/hinata-antenna/www/hinata_antenna/view/index.php(13): viewContentList(0)
#1 {main}
  thrown in /home/hinata-antenna/www/hinata_antenna/view/function.php on line 74
[11-Aug-2020 09:19:12 UTC] PHP Fatal error:  Uncaught Error: Call to a member function rowCount() on int in /home/hinata-antenna/www/hinata_antenna/view/function.php:74
Stack trace:
#0 /home/hinata-antenna/www/hinata_antenna/view/index.php(13): viewContentList(0)
#1 {main}
  thrown in /home/hinata-antenna/www/hinata_antenna/view/function.php on line 74
[13-Aug-2020 05:34:27 UTC] PHP Fatal error:  Uncaught Error: Call to a member function rowCount() on int in /home/hinata-antenna/www/hinata_antenna/view/function.php:74
Stack trace:
#0 /home/hinata-antenna/www/hinata_antenna/view/index.php(13): viewContentList(0)
#1 {main}
  thrown in /home/hinata-antenna/www/hinata_antenna/view/function.php on line 74
[13-Aug-2020 05:34:59 UTC] PHP Fatal error:  Uncaught Error: Call to a member function rowCount() on int in /home/hinata-antenna/www/hinata_antenna/view/function.php:74
Stack trace:
#0 /home/hinata-antenna/www/hinata_antenna/view/index.php(13): viewContentList(0)
#1 {main}
  thrown in /home/hinata-antenna/www/hinata_antenna/view/function.php on line 74
[13-Aug-2020 05:35:27 UTC] PHP Fatal error:  Uncaught Error: Call to a member function rowCount() on int in /home/hinata-antenna/www/hinata_antenna/view/function.php:74
Stack trace:
#0 /home/hinata-antenna/www/hinata_antenna/view/index.php(13): viewContentList(0)
#1 {main}
  thrown in /home/hinata-antenna/www/hinata_antenna/view/function.php on line 74
[13-Aug-2020 17:02:50 UTC] PHP Fatal error:  Uncaught Error: Call to a member function rowCount() on int in /home/hinata-antenna/www/hinata_antenna/view/function.php:74
Stack trace:
#0 /home/hinata-antenna/www/hinata_antenna/view/index.php(13): viewContentList(0)
#1 {main}
  thrown in /home/hinata-antenna/www/hinata_antenna/view/function.php on line 74
[14-Aug-2020 13:22:59 UTC] PHP Fatal error:  Uncaught Error: Call to a member function rowCount() on int in /home/hinata-antenna/www/hinata_antenna/view/function.php:74
Stack trace:
#0 /home/hinata-antenna/www/hinata_antenna/view/index.php(13): viewContentList(0)
#1 {main}
  thrown in /home/hinata-antenna/www/hinata_antenna/view/function.php on line 74
[15-Aug-2020 20:27:18 UTC] PHP Fatal error:  Uncaught Error: Call to a member function rowCount() on int in /home/hinata-antenna/www/hinata_antenna/view/function.php:74
Stack trace:
#0 /home/hinata-antenna/www/hinata_antenna/view/index.php(13): viewContentList(0)
#1 {main}
  thrown in /home/hinata-antenna/www/hinata_antenna/view/function.php on line 74
